Build started 22/02/2021 13:08:25.
     1>Project "C:\Users\OPMuser\Documents\micromanager_source_code\micro-manager-master-final\micro-manager-master\TestDeviceAdapters\ThorlabsFW103H\ThorlabsFW103H.vcxproj" on node 2 (build target(s)).
     1>PrepareForBuild:
         Creating directory "C:\Users\OPMuser\Documents\micromanager_source_code\micro-manager-master-final\micro-manager-master\TestDeviceAdapters\ThorlabsFW103H\build\Debug\Win32\".
       InitializeBuildStatus:
         Creating "C:\Users\OPMuser\Documents\micromanager_source_code\micro-manager-master-final\micro-manager-master\TestDeviceAdapters\ThorlabsFW103H\build\intermediates\Debug\Win32\ThorlabsFW103H\ThorlabsFW103H.unsuccessfulbuild" because "AlwaysCreate" was specified.
       ClCompile:
         C:\Program Files (x86)\Microsoft Visual Studio 10.0\VC\bin\CL.exe /c /I"C:\Users\OPMuser\Documents\micromanager_source_code\micro-manager-master-final\micro-manager-master\buildscripts\VisualStudio\\..\..\MMDevice" /I"C:\Users\OPMuser\Documents\micromanager_source_code\micro-manager-master-final\micro-manager-master\buildscripts\VisualStudio\\..\..\..\3rdpartypublic\boost-versions\boost_1_55_0" /ZI /nologo /W4 /WX- /Od /Oy- /D WIN32 /D _DEBUG /D _WINDOWS /D _USRDLL /D THORLABSFW103H_EXPORTS /D MODULE_EXPORTS /D _CRT_SECURE_NO_WARNINGS /D _SCL_SECURE_NO_WARNINGS /D _WINDLL /D _UNICODE /D UNICODE /Gm /EHsc /RTC1 /MDd /GS /fp:precise /Zc:wchar_t /Zc:forScope /Fo"C:\Users\OPMuser\Documents\micromanager_source_code\micro-manager-master-final\micro-manager-master\TestDeviceAdapters\ThorlabsFW103H\build\intermediates\Debug\Win32\ThorlabsFW103H\\" /Fd"C:\Users\OPMuser\Documents\micromanager_source_code\micro-manager-master-final\micro-manager-master\TestDeviceAdapters\ThorlabsFW103H\build\intermediates\Debug\Win32\ThorlabsFW103H\vcWindows7.1SDK.pdb" /Gd /TP /wd4127 /wd4290 /analyze- /errorReport:prompt ThorlabsFW103H.cpp
         ThorlabsFW103H.cpp
     1>c:\users\opmuser\documents\micromanager_source_code\micro-manager-master-final\micro-manager-master\testdeviceadapters\thorlabsfw103h\thorlabs.motioncontrol.benchtop.steppermotor.h(49): warning C4480: nonstandard extension used: specifying underlying type for enum 'FT_Status'
     1>c:\users\opmuser\documents\micromanager_source_code\micro-manager-master-final\micro-manager-master\testdeviceadapters\thorlabsfw103h\thorlabs.motioncontrol.benchtop.steppermotor.h(73): warning C4480: nonstandard extension used: specifying underlying type for enum 'MOT_TravelModes'
     1>c:\users\opmuser\documents\micromanager_source_code\micro-manager-master-final\micro-manager-master\testdeviceadapters\thorlabsfw103h\thorlabs.motioncontrol.benchtop.steppermotor.h(81): warning C4480: nonstandard extension used: specifying underlying type for enum 'MOT_TravelDirection'
     1>c:\users\opmuser\documents\micromanager_source_code\micro-manager-master-final\micro-manager-master\testdeviceadapters\thorlabsfw103h\thorlabs.motioncontrol.benchtop.steppermotor.h(89): warning C4480: nonstandard extension used: specifying underlying type for enum 'MOT_HomeLimitSwitchDirection'
     1>c:\users\opmuser\documents\micromanager_source_code\micro-manager-master-final\micro-manager-master\testdeviceadapters\thorlabsfw103h\thorlabs.motioncontrol.benchtop.steppermotor.h(97): warning C4480: nonstandard extension used: specifying underlying type for enum 'MOT_DirectionSense'
     1>c:\users\opmuser\documents\micromanager_source_code\micro-manager-master-final\micro-manager-master\testdeviceadapters\thorlabsfw103h\thorlabs.motioncontrol.benchtop.steppermotor.h(104): warning C4480: nonstandard extension used: specifying underlying type for enum 'MOT_JogModes'
     1>c:\users\opmuser\documents\micromanager_source_code\micro-manager-master-final\micro-manager-master\testdeviceadapters\thorlabsfw103h\thorlabs.motioncontrol.benchtop.steppermotor.h(112): warning C4480: nonstandard extension used: specifying underlying type for enum 'MOT_StopModes'
     1>c:\users\opmuser\documents\micromanager_source_code\micro-manager-master-final\micro-manager-master\testdeviceadapters\thorlabsfw103h\thorlabs.motioncontrol.benchtop.steppermotor.h(120): warning C4480: nonstandard extension used: specifying underlying type for enum 'MOT_ButtonModes'
     1>c:\users\opmuser\documents\micromanager_source_code\micro-manager-master-final\micro-manager-master\testdeviceadapters\thorlabsfw103h\thorlabs.motioncontrol.benchtop.steppermotor.h(128): warning C4480: nonstandard extension used: specifying underlying type for enum 'MOT_LimitSwitchModes'
     1>c:\users\opmuser\documents\micromanager_source_code\micro-manager-master-final\micro-manager-master\testdeviceadapters\thorlabsfw103h\thorlabs.motioncontrol.benchtop.steppermotor.h(145): warning C4480: nonstandard extension used: specifying underlying type for enum 'MOT_LimitSwitchSWModes'
     1>c:\users\opmuser\documents\micromanager_source_code\micro-manager-master-final\micro-manager-master\testdeviceadapters\thorlabsfw103h\thorlabs.motioncontrol.benchtop.steppermotor.h(157): warning C4480: nonstandard extension used: specifying underlying type for enum 'MOT_LimitsSoftwareApproachPolicy'
     1>c:\users\opmuser\documents\micromanager_source_code\micro-manager-master-final\micro-manager-master\testdeviceadapters\thorlabsfw103h\thorlabs.motioncontrol.benchtop.steppermotor.h(165): warning C4480: nonstandard extension used: specifying underlying type for enum 'MOT_PID_LoopMode'
     1>c:\users\opmuser\documents\micromanager_source_code\micro-manager-master-final\micro-manager-master\testdeviceadapters\thorlabsfw103h\thorlabsfw103h.cpp(344): warning C4244: 'initializing' : conversion from 'time_t' to 'long', possible loss of data
     1>c:\users\opmuser\documents\micromanager_source_code\micro-manager-master-final\micro-manager-master\testdeviceadapters\thorlabsfw103h\thorlabsfw103h.cpp(350): warning C4244: '=' : conversion from 'time_t' to 'long', possible loss of data
     1>c:\users\opmuser\documents\micromanager_source_code\micro-manager-master-final\micro-manager-master\testdeviceadapters\thorlabsfw103h\thorlabsfw103h.cpp(298): warning C4189: 'i' : local variable is initialized but not referenced
     1>c:\users\opmuser\documents\micromanager_source_code\micro-manager-master-final\micro-manager-master\testdeviceadapters\thorlabsfw103h\thorlabsfw103h.cpp(290): warning C4189: 'n' : local variable is initialized but not referenced
     1>c:\users\opmuser\documents\micromanager_source_code\micro-manager-master-final\micro-manager-master\testdeviceadapters\thorlabsfw103h\thorlabsfw103h.cpp(371): warning C4244: 'argument' : conversion from 'double' to 'int', possible loss of data
     1>c:\users\opmuser\documents\micromanager_source_code\micro-manager-master-final\micro-manager-master\testdeviceadapters\thorlabsfw103h\thorlabsfw103h.cpp(385): warning C4244: 'initializing' : conversion from 'time_t' to 'long', possible loss of data
     1>c:\users\opmuser\documents\micromanager_source_code\micro-manager-master-final\micro-manager-master\testdeviceadapters\thorlabsfw103h\thorlabsfw103h.cpp(391): warning C4244: '=' : conversion from 'time_t' to 'long', possible loss of data
     1>c:\users\opmuser\documents\micromanager_source_code\micro-manager-master-final\micro-manager-master\testdeviceadapters\thorlabsfw103h\thorlabsfw103h.cpp(414): warning C4100: 'serialNumber' : unreferenced formal parameter
     1>Project "C:\Users\OPMuser\Documents\micromanager_source_code\micro-manager-master-final\micro-manager-master\TestDeviceAdapters\ThorlabsFW103H\ThorlabsFW103H.vcxproj" (1) is building "C:\Users\OPMuser\Documents\micromanager_source_code\micro-manager-master-final\micro-manager-master\MMDevice\MMDevice-SharedRuntime.vcxproj" (2:3) on node 2 (GetResolvedLinkLibs target(s)).
     2>PrepareForBuild:
         Creating directory "C:\Users\OPMuser\Documents\micromanager_source_code\micro-manager-master-final\micro-manager-master\TestDeviceAdapters\ThorlabsFW103H\build\intermediates\Debug\Win32\MMDevice-SharedRuntime\".
     2>Done Building Project "C:\Users\OPMuser\Documents\micromanager_source_code\micro-manager-master-final\micro-manager-master\MMDevice\MMDevice-SharedRuntime.vcxproj" (GetResolvedLinkLibs target(s)).
     1>ManifestResourceCompile:
         C:\Program Files\Microsoft SDKs\Windows\v7.1\bin\rc.exe /nologo /fo"C:\Users\OPMuser\Documents\micromanager_source_code\micro-manager-master-final\micro-manager-master\TestDeviceAdapters\ThorlabsFW103H\build\intermediates\Debug\Win32\ThorlabsFW103H\mmgr_dal_ThorlabsFW103H.dll.embed.manifest.res" C:\Users\OPMuser\Documents\micromanager_source_code\micro-manager-master-final\micro-manager-master\TestDeviceAdapters\ThorlabsFW103H\build\intermediates\Debug\Win32\ThorlabsFW103H\mmgr_dal_ThorlabsFW103H_manifest.rc 
       Link:
         C:\Program Files (x86)\Microsoft Visual Studio 10.0\VC\bin\link.exe /ERRORREPORT:PROMPT /OUT:"C:\Users\OPMuser\Documents\micromanager_source_code\micro-manager-master-final\micro-manager-master\TestDeviceAdapters\ThorlabsFW103H\build\Debug\Win32\mmgr_dal_ThorlabsFW103H.dll" /INCREMENTAL /NOLOGO /LIBPATH:"C:\Users\OPMuser\Documents\micromanager_source_code\micro-manager-master-final\micro-manager-master\buildscripts\VisualStudio\\..\..\..\3rdpartypublic\boost-versions\boost_1_55_0-lib-Win32" kernel32.lib user32.lib gdi32.lib winspool.lib comdlg32.lib advapi32.lib shell32.lib ole32.lib oleaut32.lib uuid.lib odbc32.lib odbccp32.lib /MANIFEST /ManifestFile:"C:\Users\OPMuser\Documents\micromanager_source_code\micro-manager-master-final\micro-manager-master\TestDeviceAdapters\ThorlabsFW103H\build\intermediates\Debug\Win32\ThorlabsFW103H\mmgr_dal_ThorlabsFW103H.dll.intermediate.manifest" /MANIFESTUAC:"level='asInvoker' uiAccess='false'" /DEBUG /PDB:"C:\Users\OPMuser\Documents\micromanager_source_code\micro-manager-master-final\micro-manager-master\TestDeviceAdapters\ThorlabsFW103H\build\Debug\Win32\mmgr_dal_ThorlabsFW103H.pdb" /SUBSYSTEM:WINDOWS /TLBID:1 /DYNAMICBASE /NXCOMPAT /IMPLIB:"C:\Users\OPMuser\Documents\micromanager_source_code\micro-manager-master-final\micro-manager-master\TestDeviceAdapters\ThorlabsFW103H\build\Debug\Win32\mmgr_dal_ThorlabsFW103H.lib" /MACHINE:X86 /DLL "C:\Users\OPMuser\Documents\micromanager_source_code\micro-manager-master-final\micro-manager-master\TestDeviceAdapters\ThorlabsFW103H\build\intermediates\Debug\Win32\ThorlabsFW103H\mmgr_dal_ThorlabsFW103H.dll.embed.manifest.res"
         "C:\Users\OPMuser\Documents\micromanager_source_code\micro-manager-master-final\micro-manager-master\TestDeviceAdapters\ThorlabsFW103H\build\intermediates\Debug\Win32\ThorlabsFW103H\ThorlabsFW103H.obj"
         "C:\Users\OPMuser\Documents\micromanager_source_code\micro-manager-master-final\micro-manager-master\TestDeviceAdapters\ThorlabsFW103H\build\Debug\Win32\MMDevice-SharedRuntime.lib"
     1>LINK : fatal error LNK1104: cannot open file 'C:\Users\OPMuser\Documents\micromanager_source_code\micro-manager-master-final\micro-manager-master\TestDeviceAdapters\ThorlabsFW103H\build\Debug\Win32\MMDevice-SharedRuntime.lib'
     1>Done Building Project "C:\Users\OPMuser\Documents\micromanager_source_code\micro-manager-master-final\micro-manager-master\TestDeviceAdapters\ThorlabsFW103H\ThorlabsFW103H.vcxproj" (build target(s)) -- FAILED.

Build FAILED.

Time Elapsed 00:00:02.85
